  ▲ Next.js 14.2.18
  - Local:        http://localhost:3008
  - Environments: .env.local, .env

 ✓ Starting...
 ✓ Ready in 3s
 ○ Compiling /api/register ...
 ✓ Compiled /api/register in 1643ms (1457 modules)
prisma:query db.users.aggregate([ { $match: { $expr: { $and: [ { $and: [ { $and: [ { $eq: [ "$email", { $literal: "diag999061804@example.com", }, ], }, { $ne: [ "$email", "$$REMOVE", ], }, ], }, ], }, { }, ], }, }, }, { $project: { _id: 1, }, }, ])
prisma:query db.users.insertOne({ email: "diag999061804@example.com", name: "diag", password: "$2a$12$E5zygziCVqsD.ttQwadvl.w99B1.jmoMtrGobP9jLdUkPoEVYbqcq", createdAt: DateTime("2026-04-15 2:59:49.806 +00:00:00"), updatedAt: DateTime("2026-04-15 2:59:49.806 +00:00:00"), })
prisma:query db.users.aggregate([ { $match: { $expr: { $and: [ { $and: [ { $eq: [ "$_id", { $literal: ObjectId("69deff25e0f914a01b6d439a"), }, ], }, { $ne: [ "$_id", "$$REMOVE", ], }, ], }, ], }, }, }, { $project: { _id: 1, email: 1, name: 1, createdAt: 1, }, }, ])
prisma:query db.categories.aggregate([ { $match: { $expr: { $and: [ { $and: [ { $eq: [ "$userId", { $literal: ObjectId("69deff25e0f914a01b6d439a"), }, ], }, { $ne: [ "$userId", "$$REMOVE", ], }, ], }, { $and: [ { $eq: [ "$type", { $literal: "EXPENSE", }, ], }, { $ne: [ "$type", "$$REMOVE", ], }, ], }, { $and: [ { $eq: [ "$isDefault", { $literal: true, }, ], }, { $ne: [ "$isDefault", "$$REMOVE", ], }, ], }, ], }, }, }, { $group: { _id: null, count_all: { $sum: 1, }, }, }, ])
prisma:query db.categories.insertMany([{ userId: ObjectId("69deff25e0f914a01b6d439a"), name: "Housing", type: "EXPENSE", icon: "🏠", color: "#ef4444", isDefault: true, usageCount: 0, createdAt: DateTime("2026-04-15 2:59:49.819 +00:00:00"), updatedAt: DateTime("2026-04-15 2:59:49.819 +00:00:00"), },
{ userId: ObjectId("69deff25e0f914a01b6d439a"), name: "Food & Dining", type: "EXPENSE", icon: "🍽️", color: "#dc2626", isDefault: true, usageCount: 0, createdAt: DateTime("2026-04-15 2:59:49.819 +00:00:00"), updatedAt: DateTime("2026-04-15 2:59:49.819 +00:00:00"), },
{ userId: ObjectId("69deff25e0f914a01b6d439a"), name: "Transport", type: "EXPENSE", icon: "🚗", color: "#f97316", isDefault: true, usageCount: 0, createdAt: DateTime("2026-04-15 2:59:49.819 +00:00:00"), updatedAt: DateTime("2026-04-15 2:59:49.819 +00:00:00"), },
{ userId: ObjectId("69deff25e0f914a01b6d439a"), name: "Utilities", type: "EXPENSE", icon: "💡", color: "#eab308", isDefault: true, usageCount: 0, createdAt: DateTime("2026-04-15 2:59:49.819 +00:00:00"), updatedAt: DateTime("2026-04-15 2:59:49.819 +00:00:00"), },
{ userId: ObjectId("69deff25e0f914a01b6d439a"), name: "Healthcare", type: "EXPENSE", icon: "🏥", color: "#22c55e", isDefault: true, usageCount: 0, createdAt: DateTime("2026-04-15 2:59:49.819 +00:00:00"), updatedAt: DateTime("2026-04-15 2:59:49.819 +00:00:00"), },
{ userId: ObjectId("69deff25e0f914a01b6d439a"), name: "Entertainment", type: "EXPENSE", icon: "🎮", color: "#06b6d4", isDefault: true, usageCount: 0, createdAt: DateTime("2026-04-15 2:59:49.819 +00:00:00"), updatedAt: DateTime("2026-04-15 2:59:49.819 +00:00:00"), },
{ userId: ObjectId("69deff25e0f914a01b6d439a"), name: "Education", type: "EXPENSE", icon: "📚", color: "#3b82f6", isDefault: true, usageCount: 0, createdAt: DateTime("2026-04-15 2:59:49.819 +00:00:00"), updatedAt: DateTime("2026-04-15 2:59:49.819 +00:00:00"), },
{ userId: ObjectId("69deff25e0f914a01b6d439a"), name: "Personal Care", type: "EXPENSE", icon: "💅", color: "#8b5cf6", isDefault: true, usageCount: 0, createdAt: DateTime("2026-04-15 2:59:49.819 +00:00:00"), updatedAt: DateTime("2026-04-15 2:59:49.819 +00:00:00"), },
{ userId: ObjectId("69deff25e0f914a01b6d439a"), name: "Insurance", type: "EXPENSE", icon: "🛡️", color: "#ec4899", isDefault: true, usageCount: 0, createdAt: DateTime("2026-04-15 2:59:49.819 +00:00:00"), updatedAt: DateTime("2026-04-15 2:59:49.819 +00:00:00"), },
{ userId: ObjectId("69deff25e0f914a01b6d439a"), name: "Savings", type: "EXPENSE", icon: "💰", color: "#10b981", isDefault: true, usageCount: 0, createdAt: DateTime("2026-04-15 2:59:49.819 +00:00:00"), updatedAt: DateTime("2026-04-15 2:59:49.819 +00:00:00"), },
{ userId: ObjectId("69deff25e0f914a01b6d439a"), name: "Investments", type: "EXPENSE", icon: "📈", color: "#14b8a6", isDefault: true, usageCount: 0, createdAt: DateTime("2026-04-15 2:59:49.819 +00:00:00"), updatedAt: DateTime("2026-04-15 2:59:49.819 +00:00:00"), },
{ userId: ObjectId("69deff25e0f914a01b6d439a"), name: "Gifts", type: "EXPENSE", icon: "🎁", color: "#f43f5e", isDefault: true, usageCount: 0, createdAt: DateTime("2026-04-15 2:59:49.819 +00:00:00"), updatedAt: DateTime("2026-04-15 2:59:49.819 +00:00:00"), },
{ userId: ObjectId("69deff25e0f914a01b6d439a"), name: "Dining Out", type: "EXPENSE", icon: "🍕", color: "#f97316", isDefault: true, usageCount: 0, createdAt: DateTime("2026-04-15 2:59:49.819 +00:00:00"), updatedAt: DateTime("2026-04-15 2:59:49.819 +00:00:00"), },
{ userId: ObjectId("69deff25e0f914a01b6d439a"), name: "Groceries", type: "EXPENSE", icon: "🛒", color: "#84cc16", isDefault: true, usageCount: 0, createdAt: DateTime("2026-04-15 2:59:49.819 +00:00:00"), updatedAt: DateTime("2026-04-15 2:59:49.819 +00:00:00"), },
{ userId: ObjectId("69deff25e0f914a01b6d439a"), name: "Clothing", type: "EXPENSE", icon: "👕", color: "#6366f1", isDefault: true, usageCount: 0, createdAt: DateTime("2026-04-15 2:59:49.819 +00:00:00"), updatedAt: DateTime("2026-04-15 2:59:49.819 +00:00:00"), },
{ userId: ObjectId("69deff25e0f914a01b6d439a"), name: "Transport/Misc", type: "EXPENSE", icon: "🚕", color: "#64748b", isDefault: true, usageCount: 0, createdAt: DateTime("2026-04-15 2:59:49.819 +00:00:00"), updatedAt: DateTime("2026-04-15 2:59:49.819 +00:00:00"), },
{ userId: ObjectId("69deff25e0f914a01b6d439a"), name: "Home Maintenance", type: "EXPENSE", icon: "🔧", color: "#d97706", isDefault: true, usageCount: 0, createdAt: DateTime("2026-04-15 2:59:49.819 +00:00:00"), updatedAt: DateTime("2026-04-15 2:59:49.819 +00:00:00"), },
{ userId: ObjectId("69deff25e0f914a01b6d439a"), name: "Travel", type: "EXPENSE", icon: "✈️", color: "#0891b2", isDefault: true, usageCount: 0, createdAt: DateTime("2026-04-15 2:59:49.819 +00:00:00"), updatedAt: DateTime("2026-04-15 2:59:49.819 +00:00:00"), },
{ userId: ObjectId("69deff25e0f914a01b6d439a"), name: "Other", type: "EXPENSE", icon: "📦", color: "#6b7280", isDefault: true, usageCount: 0, createdAt: DateTime("2026-04-15 2:59:49.819 +00:00:00"), updatedAt: DateTime("2026-04-15 2:59:49.819 +00:00:00"), }],{ "ordered": true })
 POST /api/register 201 in 2451ms
